<?xml version="1.0" encoding="UTF-8"?>
<testsuite name="com.springboot.NumberControllerTest" tests="3" skipped="0" failures="0" errors="0" timestamp="2020-01-29T18:46:31" hostname="MacBook-Air-de-Camilo.local" time="0.874">
  <properties/>
  <testcase name="testWhenIConsultTheRequestNumberResponse" classname="com.springboot.NumberControllerTest" time="0.783"/>
  <testcase name="testWhenIConsultTheObjectStoragedResponse" classname="com.springboot.NumberControllerTest" time="0.001"/>
  <testcase name="testWhenISendAValidNumberResponseTheRomanNumber" classname="com.springboot.NumberControllerTest" time="0.089"/>
  <system-out><![CDATA[]]></system-out>
  <system-err><![CDATA[]]></system-err>
</testsuite>
